        -:    0:Source:quant.c
        -:    0:Graph:quant.gcno
        -:    0:Data:quant.gcda
        -:    0:Runs:24527
        -:    1:/* 包含头文件 */
        -:    2:#include "quant.h"
        -:    3:
        -:    4:/* 全局变量定义 */
        -:    5:const int STD_QUANT_TAB_LUMIN[64] =
        -:    6:{
        -:    7:    16, 11, 10, 16, 24, 40, 51, 61,
        -:    8:    12, 12, 14, 19, 26, 58, 60, 55,
        -:    9:    14, 13, 16, 24, 40, 57, 69, 56,
        -:   10:    14, 17, 22, 29, 51, 87, 80, 62,
        -:   11:    18, 22, 37, 56, 68, 109,103,77,
        -:   12:    24, 35, 55, 64, 81, 104,113,92,
        -:   13:    49, 64, 78, 87, 103,121,120,101,
        -:   14:    72, 92, 95, 98, 112,100,103,99,
        -:   15:};
        -:   16:
        -:   17:const int STD_QUANT_TAB_CHROM[64] =
        -:   18:{
        -:   19:    17, 18, 24, 47, 99, 99, 99, 99,
        -:   20:    18, 21, 26, 66, 99, 99, 99, 99,
        -:   21:    24, 26, 56, 99, 99, 99, 99, 99,
        -:   22:    47, 66, 99, 99, 99, 99, 99, 99,
        -:   23:    99, 99, 99, 99, 99, 99, 99, 99,
        -:   24:    99, 99, 99, 99, 99, 99, 99, 99,
        -:   25:    99, 99, 99, 99, 99, 99, 99, 99,
        -:   26:    99, 99, 99, 99, 99, 99, 99, 99,
        -:   27:};
        -:   28:
        -:   29:
        -:   30:/* 函数实现 */
function quant_encode called 39909774 returned 100% blocks executed 100%
 39909774:   31:void quant_encode(int du[64], int qtab[64])
        -:   32:{
2594135310:   33:    int i; for (i=0; i<64; i++) du[i] /= qtab[i];
branch  0 taken 98%
branch  1 taken 2% (fallthrough)
 39909774:   34:}
        -:   35:
function quant_decode called 0 returned 0% blocks executed 0%
    #####:   36:void quant_decode(int du[64], int qtab[64])
        -:   37:{
    #####:   38:    int i; for (i=0; i<64; i++) du[i] *= qtab[i];
branch  0 never executed
branch  1 never executed
    #####:   39:}
        -:   40:
        -:   41:
        -:   42:
        -:   43:
        -:   44:
        -:   45:
        -:   46:
